{"timestamp":"2025-08-11T12:10:31.374Z","level":"ERROR","message":"Attempted to get database connection before initialization"}
{"timestamp":"2025-08-11T12:10:31.383Z","level":"ERROR","message":"Attempted to get database connection before initialization"}
{"timestamp":"2025-08-11T12:10:31.389Z","level":"ERROR","message":"Attempted to get database connection before initialization"}
{"timestamp":"2025-08-11T12:10:31.392Z","level":"ERROR","message":"Attempted to get database connection before initialization"}
{"timestamp":"2025-08-11T12:10:31.395Z","level":"ERROR","message":"Attempted to get database connection before initialization"}
{"timestamp":"2025-08-11T12:10:31.397Z","level":"ERROR","message":"Attempted to get database connection before initialization"}
{"timestamp":"2025-08-11T12:10:31.399Z","level":"ERROR","message":"Attempted to get database connection before initialization"}
{"timestamp":"2025-08-11T12:16:03.769Z","level":"ERROR","message":"Run query failed","sql":"INSERT OR REPLACE INTO students (name, roll_number, grade, section, password) VALUES (?, ?, ?, ?, ?)","error":"SQLITE_ERROR: table students has no column named roll_number","duration":0}
{"timestamp":"2025-08-11T12:16:03.774Z","level":"ERROR","message":"Run query failed","sql":"INSERT OR REPLACE INTO students (name, roll_number, grade, section, password) VALUES (?, ?, ?, ?, ?)","error":"SQLITE_ERROR: table students has no column named roll_number","duration":0}
{"timestamp":"2025-08-11T12:16:03.778Z","level":"ERROR","message":"Run query failed","sql":"INSERT OR REPLACE INTO students (name, roll_number, grade, section, password) VALUES (?, ?, ?, ?, ?)","error":"SQLITE_ERROR: table students has no column named roll_number","duration":1}
{"timestamp":"2025-08-11T12:16:49.240Z","level":"ERROR","message":"Run query failed","sql":"INSERT OR REPLACE INTO students (name, roll_number, grade, section, password) VALUES (?, ?, ?, ?, ?)","error":"SQLITE_ERROR: table students has no column named roll_number","duration":1}
{"timestamp":"2025-08-11T12:16:54.246Z","level":"ERROR","message":"Run query failed","sql":"INSERT OR REPLACE INTO students (name, roll_number, grade, section, password) VALUES (?, ?, ?, ?, ?)","error":"SQLITE_ERROR: table students has no column named roll_number","duration":0}
{"timestamp":"2025-08-11T12:16:54.997Z","level":"ERROR","message":"Run query failed","sql":"INSERT OR REPLACE INTO students (name, roll_number, grade, section, password) VALUES (?, ?, ?, ?, ?)","error":"SQLITE_ERROR: table students has no column named roll_number","duration":0}
{"timestamp":"2025-08-11T12:16:55.002Z","level":"ERROR","message":"Run query failed","sql":"INSERT OR REPLACE INTO students (name, roll_number, grade, section, password) VALUES (?, ?, ?, ?, ?)","error":"SQLITE_ERROR: table students has no column named roll_number","duration":1}
{"timestamp":"2025-08-11T12:16:55.008Z","level":"ERROR","message":"Run query failed","sql":"INSERT OR REPLACE INTO students (name, roll_number, grade, section, password) VALUES (?, ?, ?, ?, ?)","error":"SQLITE_ERROR: table students has no column named roll_number","duration":1}
{"timestamp":"2025-08-11T12:17:40.512Z","level":"ERROR","message":"Run query failed","sql":"INSERT OR REPLACE INTO students (name, roll_number, grade, section, password) VALUES (?, ?, ?, ?, ?)","error":"SQLITE_ERROR: table students has no column named roll_number","duration":1}
{"timestamp":"2025-08-11T12:17:45.522Z","level":"ERROR","message":"Run query failed","sql":"INSERT OR REPLACE INTO students (name, roll_number, grade, section, password) VALUES (?, ?, ?, ?, ?)","error":"SQLITE_ERROR: table students has no column named roll_number","duration":1}
{"timestamp":"2025-08-11T12:18:11.014Z","level":"ERROR","message":"Run query failed","sql":"INSERT OR REPLACE INTO students (name, roll_number, grade, section, password) VALUES (?, ?, ?, ?, ?)","error":"SQLITE_ERROR: table students has no column named roll_number","duration":3}
{"timestamp":"2025-08-11T12:18:11.505Z","level":"ERROR","message":"Run query failed","sql":"INSERT INTO students (name, roll_number, grade, section, password) VALUES (?, ?, ?, ?, ?)","error":"SQLITE_ERROR: table students has no column named roll_number","duration":1}
{"timestamp":"2025-08-11T12:18:11.512Z","level":"ERROR","message":"Run query failed","sql":"INSERT INTO students (name, roll_number, grade, section, password) VALUES (?, ?, ?, ?, ?)","error":"SQLITE_ERROR: table students has no column named roll_number","duration":0}
{"timestamp":"2025-08-11T12:18:11.519Z","level":"ERROR","message":"Run query failed","sql":"INSERT INTO students (name, roll_number, grade, section, password) VALUES (?, ?, ?, ?, ?)","error":"SQLITE_ERROR: table students has no column named roll_number","duration":1}
{"timestamp":"2025-08-11T12:18:12.090Z","level":"ERROR","message":"Run query failed","sql":"INSERT INTO options (question_id, option_text, is_correct, option_order) VALUES (?, ?, ?, ?)","error":"SQLITE_CONSTRAINT: NOT NULL constraint failed: options.question_id","duration":1}
{"timestamp":"2025-08-11T12:24:43.896Z","level":"ERROR","message":"Run query failed","sql":"INSERT INTO options (question_id, option_text, is_correct, option_order) VALUES (?, ?, ?, ?)","error":"SQLITE_CONSTRAINT: NOT NULL constraint failed: options.question_id","duration":0}
{"timestamp":"2025-08-11T12:33:49.413Z","level":"ERROR","message":"Run query failed","sql":"INSERT INTO students (name, roll_number, grade, section, password) VALUES (?, ?, ?, ?, ?)","error":"SQLITE_CONSTRAINT: UNIQUE constraint failed: students.roll_number, students.grade, students.section","duration":0}
{"timestamp":"2025-08-11T12:33:49.418Z","level":"ERROR","message":"Run query failed","sql":"INSERT INTO students (name, roll_number, grade, section, password) VALUES (?, ?, ?, ?, ?)","error":"SQLITE_CONSTRAINT: UNIQUE constraint failed: students.roll_number, students.grade, students.section","duration":1}
{"timestamp":"2025-08-11T12:36:15.188Z","level":"ERROR","message":"Run query failed","sql":"INSERT INTO students (name, roll_number, grade, section, password) VALUES (?, ?, ?, ?, ?)","error":"SQLITE_CONSTRAINT: UNIQUE constraint failed: students.roll_number, students.grade, students.section","duration":1}
{"timestamp":"2025-08-11T12:36:15.193Z","level":"ERROR","message":"Run query failed","sql":"INSERT INTO students (name, roll_number, grade, section, password) VALUES (?, ?, ?, ?, ?)","error":"SQLITE_CONSTRAINT: UNIQUE constraint failed: students.roll_number, students.grade, students.section","duration":1}
{"timestamp":"2025-08-11T12:39:04.272Z","level":"ERROR","message":"Run query failed","sql":"INSERT INTO students (name, roll_number, grade, section, password) VALUES (?, ?, ?, ?, ?)","error":"SQLITE_CONSTRAINT: UNIQUE constraint failed: students.roll_number, students.grade, students.section","duration":0}
{"timestamp":"2025-08-11T12:39:04.280Z","level":"ERROR","message":"Run query failed","sql":"INSERT INTO students (name, roll_number, grade, section, password) VALUES (?, ?, ?, ?, ?)","error":"SQLITE_CONSTRAINT: UNIQUE constraint failed: students.roll_number, students.grade, students.section","duration":3}
{"timestamp":"2025-08-11T12:39:04.704Z","level":"ERROR","message":"Run query failed","sql":"INSERT INTO quiz_answers (quiz_id, question_id, selected_option_id, is_correct) VALUES (?, ?, ?, ?)","error":"SQLITE_CONSTRAINT: FOREIGN KEY constraint failed","duration":0}
{"timestamp":"2025-08-11T12:39:04.774Z","level":"ERROR","message":"Run query failed","sql":"INSERT INTO quiz_answers (quiz_id, question_id, selected_option_id, is_correct) VALUES (?, ?, ?, ?)","error":"SQLITE_CONSTRAINT: FOREIGN KEY constraint failed","duration":0}
{"timestamp":"2025-08-11T12:39:04.819Z","level":"ERROR","message":"Run query failed","sql":"INSERT INTO quiz_answers (quiz_id, question_id, selected_option_id, is_correct) VALUES (?, ?, ?, ?)","error":"SQLITE_CONSTRAINT: FOREIGN KEY constraint failed","duration":1}
{"timestamp":"2025-08-11T12:39:04.864Z","level":"ERROR","message":"Run query failed","sql":"INSERT INTO quiz_answers (quiz_id, question_id, selected_option_id, is_correct) VALUES (?, ?, ?, ?)","error":"SQLITE_CONSTRAINT: FOREIGN KEY constraint failed","duration":0}
{"timestamp":"2025-08-11T12:40:49.947Z","level":"ERROR","message":"Run query failed","sql":"INSERT INTO students (name, roll_number, grade, section, password_hash) VALUES (?, ?, ?, ?, ?)","error":"SQLITE_ERROR: table students has no column named password_hash","duration":0}
{"timestamp":"2025-08-11T12:40:49.954Z","level":"ERROR","message":"Run query failed","sql":"INSERT INTO students (name, roll_number, grade, section, password_hash) VALUES (?, ?, ?, ?, ?)","error":"SQLITE_ERROR: table students has no column named password_hash","duration":1}
{"timestamp":"2025-08-11T12:40:49.957Z","level":"ERROR","message":"Run query failed","sql":"INSERT INTO students (name, roll_number, grade, section, password_hash) VALUES (?, ?, ?, ?, ?)","error":"SQLITE_ERROR: table students has no column named password_hash","duration":0}
{"timestamp":"2025-08-11T12:40:50.401Z","level":"ERROR","message":"Run query failed","sql":"INSERT OR REPLACE INTO students (name, roll_number, grade, section, password_hash) VALUES (?, ?, ?, ","error":"SQLITE_ERROR: table students has no column named password_hash","duration":0}
{"timestamp":"2025-08-11T12:40:50.406Z","level":"ERROR","message":"Run query failed","sql":"INSERT OR REPLACE INTO students (name, roll_number, grade, section, password_hash) VALUES (?, ?, ?, ","error":"SQLITE_ERROR: table students has no column named password_hash","duration":1}
{"timestamp":"2025-08-11T12:40:50.410Z","level":"ERROR","message":"Run query failed","sql":"INSERT OR REPLACE INTO students (name, roll_number, grade, section, password_hash) VALUES (?, ?, ?, ","error":"SQLITE_ERROR: table students has no column named password_hash","duration":1}
{"timestamp":"2025-08-11T12:40:50.690Z","level":"ERROR","message":"Run query failed","sql":"INSERT OR REPLACE INTO students (name, roll_number, grade, section, password_hash) VALUES (?, ?, ?, ","error":"SQLITE_ERROR: table students has no column named password_hash","duration":1}
{"timestamp":"2025-08-11T12:46:00.765Z","level":"ERROR","message":"Run query failed","sql":"INSERT INTO students (name, roll_number, grade, section, password_hash) VALUES (?, ?, ?, ?, ?)","error":"SQLITE_ERROR: table students has no column named password_hash","duration":0}
{"timestamp":"2025-08-11T12:46:00.771Z","level":"ERROR","message":"Run query failed","sql":"INSERT INTO students (name, roll_number, grade, section, password_hash) VALUES (?, ?, ?, ?, ?)","error":"SQLITE_ERROR: table students has no column named password_hash","duration":1}
{"timestamp":"2025-08-11T12:46:00.775Z","level":"ERROR","message":"Run query failed","sql":"INSERT INTO students (name, roll_number, grade, section, password_hash) VALUES (?, ?, ?, ?, ?)","error":"SQLITE_ERROR: table students has no column named password_hash","duration":1}
{"timestamp":"2025-08-11T12:46:01.341Z","level":"ERROR","message":"Run query failed","sql":"INSERT OR REPLACE INTO students (name, roll_number, grade, section, password_hash) VALUES (?, ?, ?, ","error":"SQLITE_ERROR: table students has no column named password_hash","duration":3}
{"timestamp":"2025-08-11T12:46:01.347Z","level":"ERROR","message":"Run query failed","sql":"INSERT OR REPLACE INTO students (name, roll_number, grade, section, password_hash) VALUES (?, ?, ?, ","error":"SQLITE_ERROR: table students has no column named password_hash","duration":1}
{"timestamp":"2025-08-11T12:46:01.351Z","level":"ERROR","message":"Run query failed","sql":"INSERT OR REPLACE INTO students (name, roll_number, grade, section, password_hash) VALUES (?, ?, ?, ","error":"SQLITE_ERROR: table students has no column named password_hash","duration":0}
{"timestamp":"2025-08-11T12:46:01.642Z","level":"ERROR","message":"Run query failed","sql":"INSERT OR REPLACE INTO students (name, roll_number, grade, section, password_hash) VALUES (?, ?, ?, ","error":"SQLITE_ERROR: table students has no column named password_hash","duration":1}
{"timestamp":"2025-08-11T12:46:25.572Z","level":"ERROR","message":"Run query failed","sql":"INSERT INTO students (name, roll_number, grade, section, password) VALUES (?, ?, ?, ?, ?)","error":"SQLITE_ERROR: table students has no column named password","duration":0}
{"timestamp":"2025-08-11T12:46:25.656Z","level":"ERROR","message":"Run query failed","sql":"INSERT INTO students (name, roll_number, grade, section, password) VALUES (?, ?, ?, ?, ?)","error":"SQLITE_ERROR: table students has no column named password","duration":0}
{"timestamp":"2025-08-11T12:46:25.704Z","level":"ERROR","message":"Run query failed","sql":"INSERT INTO students (name, roll_number, grade, section, password_hash) VALUES (?, ?, ?, ?, ?)","error":"SQLITE_CONSTRAINT: UNIQUE constraint failed: students.roll_number, students.grade, students.section","duration":2}
{"timestamp":"2025-08-11T12:46:25.708Z","level":"ERROR","message":"Run query failed","sql":"INSERT INTO students (name, roll_number, grade, section, password_hash) VALUES (?, ?, ?, ?, ?)","error":"SQLITE_CONSTRAINT: UNIQUE constraint failed: students.roll_number, students.grade, students.section","duration":1}
{"timestamp":"2025-08-11T12:46:26.696Z","level":"ERROR","message":"Run query failed","sql":"INSERT INTO quiz_answers (quiz_id, question_id, selected_option_id, is_correct) VALUES (?, ?, ?, ?)","error":"SQLITE_CONSTRAINT: FOREIGN KEY constraint failed","duration":0}
{"timestamp":"2025-08-11T12:46:26.748Z","level":"ERROR","message":"Run query failed","sql":"INSERT INTO quiz_answers (quiz_id, question_id, selected_option_id, is_correct) VALUES (?, ?, ?, ?)","error":"SQLITE_CONSTRAINT: FOREIGN KEY constraint failed","duration":0}
{"timestamp":"2025-08-11T12:46:26.789Z","level":"ERROR","message":"Run query failed","sql":"INSERT INTO quiz_answers (quiz_id, question_id, selected_option_id, is_correct) VALUES (?, ?, ?, ?)","error":"SQLITE_CONSTRAINT: FOREIGN KEY constraint failed","duration":0}
{"timestamp":"2025-08-11T12:46:26.855Z","level":"ERROR","message":"Run query failed","sql":"INSERT INTO quiz_answers (quiz_id, question_id, selected_option_id, is_correct) VALUES (?, ?, ?, ?)","error":"SQLITE_CONSTRAINT: FOREIGN KEY constraint failed","duration":1}
{"timestamp":"2025-08-11T12:46:27.396Z","level":"ERROR","message":"Run query failed","sql":"INSERT OR REPLACE INTO students (name, roll_number, grade, section, password) VALUES (?, ?, ?, ?, ?)","error":"SQLITE_ERROR: table students has no column named password","duration":1}
{"timestamp":"2025-08-11T12:46:27.402Z","level":"ERROR","message":"Run query failed","sql":"INSERT OR REPLACE INTO students (name, roll_number, grade, section, password) VALUES (?, ?, ?, ?, ?)","error":"SQLITE_ERROR: table students has no column named password","duration":1}
{"timestamp":"2025-08-11T12:47:03.347Z","level":"ERROR","message":"Run query failed","sql":"INSERT INTO quiz_answers (quiz_id, question_id, selected_option_id, is_correct) VALUES (?, ?, ?, ?)","error":"SQLITE_CONSTRAINT: FOREIGN KEY constraint failed","duration":1}
{"timestamp":"2025-08-11T12:47:03.398Z","level":"ERROR","message":"Run query failed","sql":"INSERT INTO quiz_answers (quiz_id, question_id, selected_option_id, is_correct) VALUES (?, ?, ?, ?)","error":"SQLITE_CONSTRAINT: FOREIGN KEY constraint failed","duration":1}
{"timestamp":"2025-08-11T12:47:03.433Z","level":"ERROR","message":"Run query failed","sql":"INSERT INTO quiz_answers (quiz_id, question_id, selected_option_id, is_correct) VALUES (?, ?, ?, ?)","error":"SQLITE_CONSTRAINT: FOREIGN KEY constraint failed","duration":1}
{"timestamp":"2025-08-11T12:47:03.470Z","level":"ERROR","message":"Run query failed","sql":"INSERT INTO quiz_answers (quiz_id, question_id, selected_option_id, is_correct) VALUES (?, ?, ?, ?)","error":"SQLITE_CONSTRAINT: FOREIGN KEY constraint failed","duration":0}
{"timestamp":"2025-08-13T09:33:33.345Z","level":"ERROR","message":"Get query failed","sql":"SELECT COUNT(*) as count FROM responses","error":"SQLITE_ERROR: no such table: responses","duration":0}
{"timestamp":"2025-08-13T09:42:02.533Z","level":"ERROR","message":"Get query failed","sql":"SELECT id FROM students WHERE roll_number = ? AND grade = ? AND section = ?","error":"SQLITE_ERROR: no such column: roll_number","duration":1}
{"timestamp":"2025-08-13T09:42:51.102Z","level":"ERROR","message":"Get query failed","sql":"SELECT id FROM students WHERE roll_number = ? AND grade = ? AND section = ?","error":"SQLITE_ERROR: no such column: roll_number","duration":1}
{"timestamp":"2025-08-13T11:28:39.433Z","level":"ERROR","message":"Get query failed","sql":"SELECT * FROM students WHERE email = ?","error":"SQLITE_ERROR: no such column: email","duration":11}
{"timestamp":"2025-08-13T11:30:48.241Z","level":"ERROR","message":"Get query failed","sql":"SELECT * FROM students WHERE email = ?","error":"SQLITE_ERROR: no such column: email","duration":7}
{"timestamp":"2025-08-13T11:35:07.241Z","level":"ERROR","message":"Get query failed","sql":"SELECT * FROM students WHERE email = ?","error":"SQLITE_ERROR: no such column: email","duration":8}
{"timestamp":"2025-08-13T11:49:50.691Z","level":"ERROR","message":"Get query failed","sql":"SELECT * FROM students WHERE email = ?","error":"SQLITE_ERROR: no such column: email","duration":17}
{"timestamp":"2025-08-13T11:50:21.197Z","level":"ERROR","message":"Get query failed","sql":"SELECT * FROM students WHERE email = ?","error":"SQLITE_ERROR: no such column: email","duration":12}
